<?xml version="1.0" encoding="UTF-8"?>
<!-- Generated by org.testng.reporters.JUnitXMLReporter -->
<testsuite hostname="Femila-PC" ignored="1" name="FreeCRM Application Test" tests="1" failures="0" timestamp="22 Oct 2019 18:55:17 GMT" time="69.998" errors="0">
  <testcase name="ClickOnAdGroupTab" time="7.869" classname="com.sel.pagetest.HomePageTest"/>
  <testcase name="HomePageTest" time="0.0" classname="com.sel.pagetest.HomePageTest">
    <ignored/>
  </testcase> <!-- HomePageTest -->
</testsuite> <!-- FreeCRM Application Test -->
